(0000) 3000  0011000000000000 (   5)                 .ORIG x3000
(3000) 5020  0101000000100000 (   7)                 AND   R0 R0 #0
(3001) 0045  0000000001000101 (   9) hello           .FILL x0045
(3002) 006E  0000000001101110 (   9)                 .FILL x006E
(3003) 0074  0000000001110100 (   9)                 .FILL x0074
(3004) 0065  0000000001100101 (   9)                 .FILL x0065
(3005) 0072  0000000001110010 (   9)                 .FILL x0072
(3006) 0020  0000000000100000 (   9)                 .FILL x0020
(3007) 0061  0000000001100001 (   9)                 .FILL x0061
(3008) 0020  0000000000100000 (   9)                 .FILL x0020
(3009) 0073  0000000001110011 (   9)                 .FILL x0073
(300A) 0074  0000000001110100 (   9)                 .FILL x0074
(300B) 0072  0000000001110010 (   9)                 .FILL x0072
(300C) 0069  0000000001101001 (   9)                 .FILL x0069
(300D) 006E  0000000001101110 (   9)                 .FILL x006E
(300E) 0067  0000000001100111 (   9)                 .FILL x0067
(300F) 0020  0000000000100000 (   9)                 .FILL x0020
(3010) 0074  0000000001110100 (   9)                 .FILL x0074
(3011) 006F  0000000001101111 (   9)                 .FILL x006F
(3012) 0020  0000000000100000 (   9)                 .FILL x0020
(3013) 0065  0000000001100101 (   9)                 .FILL x0065
(3014) 0063  0000000001100011 (   9)                 .FILL x0063
(3015) 0068  0000000001101000 (   9)                 .FILL x0068
(3016) 006F  0000000001101111 (   9)                 .FILL x006F
(3017) 003A  0000000000111010 (   9)                 .FILL x003A
(3018) 0000  0000000000000000 (   9)                 .FILL x0000
(3019) E1E7  1110000111100111 (  10)                 LEA   R0 hello
(301A) F022  1111000000100010 (  11)                 TRAP  x22
(301B) 3100  0011000100000000 (  12) DATA            .FILL x3100
(301C) 23FE  0010001111111110 (  13)                 LD    R1 DATA
(301D) F020  1111000000100000 (  15) Loop            TRAP  x20
(301E) F021  1111000000100001 (  16)                 TRAP  x21
(301F) 5B60  0101101101100000 (  17)                 AND   R5 R5 #0
(3020) 1A20  0001101000100000 (  18)                 ADD   R5 R0 #0
(3021) 000A  0000000000001010 (  20) ENT             .FILL x000A
(3022) 25FE  0010010111111110 (  21)                 LD    R2 ENT
(3023) 94BF  1001010010111111 (  22)                 NOT   R2 R2
(3024) 5480  0101010010000000 (  23)                 AND   R2 R2 R0
(3025) 0414  0000010000010100 (  24)                 BRZ   Check1
(3026) F020  1111000000100000 (  26)                 TRAP  x20
(3027) F021  1111000000100001 (  27)                 TRAP  x21
(3028) 25F8  0010010111111000 (  28)                 LD    R2 ENT
(3029) 94BF  1001010010111111 (  29)                 NOT   R2 R2
(302A) 5480  0101010010000000 (  30)                 AND   R2 R2 R0
(302B) 040E  0000010000001110 (  31)                 BRZ   Check1
(302C) 1000  0001000000000000 (  33)                 ADD   R0 R0 R0
(302D) 1000  0001000000000000 (  34)                 ADD   R0 R0 R0
(302E) 1000  0001000000000000 (  35)                 ADD   R0 R0 R0
(302F) 1000  0001000000000000 (  36)                 ADD   R0 R0 R0
(3030) 1000  0001000000000000 (  37)                 ADD   R0 R0 R0
(3031) 1000  0001000000000000 (  38)                 ADD   R0 R0 R0
(3032) 1000  0001000000000000 (  39)                 ADD   R0 R0 R0
(3033) 1000  0001000000000000 (  40)                 ADD   R0 R0 R0
(3034) 1005  0001000000000101 (  42)                 ADD   R0 R0 R5
(3035) 7040  0111000001000000 (  44)                 STR   R0 R1 #0
(3036) 1261  0001001001100001 (  45)                 ADD   R1 R1 #1
(3037) 0BE5  0000101111100101 (  47)                 BRNP  Loop
(3038) 0401  0000010000000001 (  49)                 BRZ   Check1
(3039) 0E01  0000111000000001 (  51)                 BRNZP Finish
(303A) 7A40  0111101001000000 (  53) Check1          STR   R5 R1 #0
(303B) 21DF  0010000111011111 (  55) Finish          LD    R0 DATA
(303C) F022  1111000000100010 (  56)                 TRAP  x22
(303D) F025  1111000000100101 (  57)                 TRAP  x25
