(0000) 4000  0100000000000000 (   4)                 .ORIG x4000
(4000) 32EA  0011001011101010 (   8) Input           ST    R1 SaveR1
(4001) 34EA  0011010011101010 (   9)                 ST    R2 SaveR2
(4002) 36EA  0011011011101010 (  10)                 ST    R3 SaveR3
(4003) 38EA  0011100011101010 (  11)                 ST    R4 SaveR4
(4004) 3AEA  0011101011101010 (  12)                 ST    R5 SaveR5
(4005) 3EEA  0011111011101010 (  13)                 ST    R7 SaveR7
(4006) 5260  0101001001100000 (  15)                 AND   R1 R1 #0
(4007) 54A0  0101010010100000 (  16)                 AND   R2 R2 #0
(4008) 5020  0101000000100000 (  17)                 AND   R0 R0 #0
(4009) 0030  0000000000110000 (  20) ZERO            .FILL x0030
(400A) 0031  0000000000110001 (  21) ONE             .FILL x0031
(400B) 0032  0000000000110010 (  22) TWO             .FILL x0032
(400C) 0033  0000000000110011 (  23) THREE           .FILL x0033
(400D) 0034  0000000000110100 (  24) FOUR            .FILL x0034
(400E) 0035  0000000000110101 (  25) FIVE            .FILL x0035
(400F) 0036  0000000000110110 (  26) SIX             .FILL x0036
(4010) 0037  0000000000110111 (  27) SEVEN           .FILL x0037
(4011) 0038  0000000000111000 (  28) EIGHT           .FILL x0038
(4012) 0039  0000000000111001 (  29) NINE            .FILL x0039
(4013) 0041  0000000001000001 (  32) A               .FILL x0041
(4014) 0042  0000000001000010 (  33) B               .FILL x0042
(4015) 0043  0000000001000011 (  34) C               .FILL x0043
(4016) 0044  0000000001000100 (  35) D               .FILL x0044
(4017) 0045  0000000001000101 (  36) E               .FILL x0045
(4018) 0046  0000000001000110 (  37) F               .FILL x0046
(4019) 0078  0000000001111000 (  39) x               .FILL x0078
(401A) F020  1111000000100000 (  42) Loop            TRAP  x20
(401B) F021  1111000000100001 (  43)                 TRAP  x21
(401C) 27EC  0010011111101100 (  46)                 LD    R3 ZERO
(401D) 96FF  1001011011111111 (  47)                 NOT   R3 R3
(401E) 56C0  0101011011000000 (  48)                 AND   R3 R3 R0
(401F) 047F  0000010001111111 (  49)                 BRZ   CHANGE0
(4020) 27E9  0010011111101001 (  52)                 LD    R3 ONE
(4021) 96FF  1001011011111111 (  53)                 NOT   R3 R3
(4022) 56C0  0101011011000000 (  54)                 AND   R3 R3 R0
(4023) 047E  0000010001111110 (  55)                 BRZ   CHANGE1
(4024) 27E6  0010011111100110 (  58)                 LD    R3 TWO
(4025) 96FF  1001011011111111 (  59)                 NOT   R3 R3
(4026) 56C0  0101011011000000 (  60)                 AND   R3 R3 R0
(4027) 047D  0000010001111101 (  61)                 BRZ   CHANGE2
(4028) 27E3  0010011111100011 (  64)                 LD    R3 THREE
(4029) 96FF  1001011011111111 (  65)                 NOT   R3 R3
(402A) 56C0  0101011011000000 (  66)                 AND   R3 R3 R0
(402B) 047C  0000010001111100 (  67)                 BRZ   CHANGE3
(402C) 27E0  0010011111100000 (  70)                 LD    R3 FOUR
(402D) 96FF  1001011011111111 (  71)                 NOT   R3 R3
(402E) 56C0  0101011011000000 (  72)                 AND   R3 R3 R0
(402F) 047B  0000010001111011 (  73)                 BRZ   CHANGE4
(4030) 27DD  0010011111011101 (  76)                 LD    R3 FIVE
(4031) 96FF  1001011011111111 (  77)                 NOT   R3 R3
(4032) 56C0  0101011011000000 (  78)                 AND   R3 R3 R0
(4033) 047A  0000010001111010 (  79)                 BRZ   CHANGE5
(4034) 27DA  0010011111011010 (  82)                 LD    R3 SIX
(4035) 96FF  1001011011111111 (  83)                 NOT   R3 R3
(4036) 56C0  0101011011000000 (  84)                 AND   R3 R3 R0
(4037) 0479  0000010001111001 (  85)                 BRZ   CHANGE6
(4038) 27D7  0010011111010111 (  88)                 LD    R3 SEVEN
(4039) 96FF  1001011011111111 (  89)                 NOT   R3 R3
(403A) 56C0  0101011011000000 (  90)                 AND   R3 R3 R0
(403B) 0478  0000010001111000 (  91)                 BRZ   CHANGE7
(403C) 27D4  0010011111010100 (  94)                 LD    R3 EIGHT
(403D) 96FF  1001011011111111 (  95)                 NOT   R3 R3
(403E) 56C0  0101011011000000 (  96)                 AND   R3 R3 R0
(403F) 0477  0000010001110111 (  97)                 BRZ   CHANGE8
(4040) 27D1  0010011111010001 ( 100)                 LD    R3 NINE
(4041) 96FF  1001011011111111 ( 101)                 NOT   R3 R3
(4042) 56C0  0101011011000000 ( 102)                 AND   R3 R3 R0
(4043) 0476  0000010001110110 ( 103)                 BRZ   CHANGE9
(4044) 27CE  0010011111001110 ( 106)                 LD    R3 A
(4045) 96FF  1001011011111111 ( 107)                 NOT   R3 R3
(4046) 56C0  0101011011000000 ( 108)                 AND   R3 R3 R0
(4047) 0475  0000010001110101 ( 109)                 BRZ   CHANGEA
(4048) 27CB  0010011111001011 ( 112)                 LD    R3 B
(4049) 96FF  1001011011111111 ( 113)                 NOT   R3 R3
(404A) 56C0  0101011011000000 ( 114)                 AND   R3 R3 R0
(404B) 0474  0000010001110100 ( 115)                 BRZ   CHANGEB
(404C) 27C8  0010011111001000 ( 118)                 LD    R3 C
(404D) 96FF  1001011011111111 ( 119)                 NOT   R3 R3
(404E) 56C0  0101011011000000 ( 120)                 AND   R3 R3 R0
(404F) 0473  0000010001110011 ( 121)                 BRZ   CHANGEC
(4050) 27C5  0010011111000101 ( 124)                 LD    R3 D
(4051) 96FF  1001011011111111 ( 125)                 NOT   R3 R3
(4052) 56C0  0101011011000000 ( 126)                 AND   R3 R3 R0
(4053) 0472  0000010001110010 ( 127)                 BRZ   CHANGED
(4054) 27C2  0010011111000010 ( 130)                 LD    R3 E
(4055) 96FF  1001011011111111 ( 131)                 NOT   R3 R3
(4056) 56C0  0101011011000000 ( 132)                 AND   R3 R3 R0
(4057) 0471  0000010001110001 ( 133)                 BRZ   CHANGEE
(4058) 27BF  0010011110111111 ( 136)                 LD    R3 F
(4059) 96FF  1001011011111111 ( 137)                 NOT   R3 R3
(405A) 56C0  0101011011000000 ( 138)                 AND   R3 R3 R0
(405B) 0470  0000010001110000 ( 139)                 BRZ   CHANGEF
(405C) 7040  0111000001000000 ( 142)                 STR   R0 R1 #0
(405D) 000A  0000000000001010 ( 144) ENT             .FILL x000A
(405E) 25FE  0010010111111110 ( 146)                 LD    R2 ENT
(405F) 94BF  1001010010111111 ( 147)                 NOT   R2 R2
(4060) 5480  0101010010000000 ( 148)                 AND   R2 R2 R0
(4061) 0400  0000010000000000 ( 149)                 BRZ   CHECK
(4062) 0034  0000000000110100 ( 152) CHECK           .FILL x0034
(4063) 2DFE  0010110111111110 ( 153)                 LD    R6 CHECK
(4064) 9DBF  1001110110111111 ( 154)                 NOT   R6 R6
(4065) 5246  0101001001000110 ( 155)                 AND   R1 R1 R6
(4066) 047D  0000010001111101 ( 156)                 BRZ   FINISH
(4067) 5020  0101000000100000 ( 158)                 AND   R0 R0 #0
(4068) 21F4  0010000111110100 ( 159)                 LD    R0 ENT
(4069) F021  1111000000100001 ( 160)                 TRAP  x21
(406A) F021  1111000000100001 ( 161)                 TRAP  x21
(406B) 0052  0000000001010010 ( 162) reprompt        .FILL x0052
(406C) 0065  0000000001100101 ( 162)                 .FILL x0065
(406D) 002D  0000000000101101 ( 162)                 .FILL x002D
(406E) 0045  0000000001000101 ( 162)                 .FILL x0045
(406F) 006E  0000000001101110 ( 162)                 .FILL x006E
(4070) 0074  0000000001110100 ( 162)                 .FILL x0074
(4071) 0065  0000000001100101 ( 162)                 .FILL x0065
(4072) 0072  0000000001110010 ( 162)                 .FILL x0072
(4073) 0020  0000000000100000 ( 162)                 .FILL x0020
(4074) 0061  0000000001100001 ( 162)                 .FILL x0061
(4075) 006E  0000000001101110 ( 162)                 .FILL x006E
(4076) 0020  0000000000100000 ( 162)                 .FILL x0020
(4077) 0041  0000000001000001 ( 162)                 .FILL x0041
(4078) 0064  0000000001100100 ( 162)                 .FILL x0064
(4079) 0064  0000000001100100 ( 162)                 .FILL x0064
(407A) 0072  0000000001110010 ( 162)                 .FILL x0072
(407B) 0065  0000000001100101 ( 162)                 .FILL x0065
(407C) 0073  0000000001110011 ( 162)                 .FILL x0073
(407D) 0073  0000000001110011 ( 162)                 .FILL x0073
(407E) 0020  0000000000100000 ( 162)                 .FILL x0020
(407F) 0077  0000000001110111 ( 162)                 .FILL x0077
(4080) 0069  0000000001101001 ( 162)                 .FILL x0069
(4081) 0074  0000000001110100 ( 162)                 .FILL x0074
(4082) 0068  0000000001101000 ( 162)                 .FILL x0068
(4083) 0020  0000000000100000 ( 162)                 .FILL x0020
(4084) 0034  0000000000110100 ( 162)                 .FILL x0034
(4085) 0020  0000000000100000 ( 162)                 .FILL x0020
(4086) 0048  0000000001001000 ( 162)                 .FILL x0048
(4087) 0065  0000000001100101 ( 162)                 .FILL x0065
(4088) 0078  0000000001111000 ( 162)                 .FILL x0078
(4089) 0020  0000000000100000 ( 162)                 .FILL x0020
(408A) 0056  0000000001010110 ( 162)                 .FILL x0056
(408B) 0061  0000000001100001 ( 162)                 .FILL x0061
(408C) 006C  0000000001101100 ( 162)                 .FILL x006C
(408D) 0075  0000000001110101 ( 162)                 .FILL x0075
(408E) 0065  0000000001100101 ( 162)                 .FILL x0065
(408F) 0073  0000000001110011 ( 162)                 .FILL x0073
(4090) 0020  0000000000100000 ( 162)                 .FILL x0020
(4091) 004F  0000000001001111 ( 162)                 .FILL x004F
(4092) 006E  0000000001101110 ( 162)                 .FILL x006E
(4093) 006C  0000000001101100 ( 162)                 .FILL x006C
(4094) 0079  0000000001111001 ( 162)                 .FILL x0079
(4095) 0021  0000000000100001 ( 162)                 .FILL x0021
(4096) 0021  0000000000100001 ( 162)                 .FILL x0021
(4097) 003A  0000000000111010 ( 162)                 .FILL x003A
(4098) 0020  0000000000100000 ( 162)                 .FILL x0020
(4099) 0078  0000000001111000 ( 162)                 .FILL x0078
(409A) 0000  0000000000000000 ( 162)                 .FILL x0000
(409B) E1CF  1110000111001111 ( 163)                 LEA   R0 reprompt
(409C) F022  1111000000100010 ( 164)                 TRAP  x22
(409D) 5260  0101001001100000 ( 165)                 AND   R1 R1 #0
(409E) 0F7B  0000111101111011 ( 166)                 BRNZP Loop
(409F) 5020  0101000000100000 ( 169) CHANGE0         AND   R0 R0 #0
(40A0) 1020  0001000000100000 ( 170)                 ADD   R0 R0 #0
(40A1) 0A2D  0000101000101101 ( 171)                 BRNP  TEST1
(40A2) 5020  0101000000100000 ( 173) CHANGE1         AND   R0 R0 #0
(40A3) 1021  0001000000100001 ( 174)                 ADD   R0 R0 #1
(40A4) 0A2A  0000101000101010 ( 175)                 BRNP  TEST1
(40A5) 5020  0101000000100000 ( 177) CHANGE2         AND   R0 R0 #0
(40A6) 1022  0001000000100010 ( 178)                 ADD   R0 R0 #2
(40A7) 0A27  0000101000100111 ( 179)                 BRNP  TEST1
(40A8) 5020  0101000000100000 ( 181) CHANGE3         AND   R0 R0 #0
(40A9) 1023  0001000000100011 ( 182)                 ADD   R0 R0 #3
(40AA) 0A24  0000101000100100 ( 183)                 BRNP  TEST1
(40AB) 5020  0101000000100000 ( 185) CHANGE4         AND   R0 R0 #0
(40AC) 1024  0001000000100100 ( 186)                 ADD   R0 R0 #4
(40AD) 0A21  0000101000100001 ( 187)                 BRNP  TEST1
(40AE) 5020  0101000000100000 ( 189) CHANGE5         AND   R0 R0 #0
(40AF) 1025  0001000000100101 ( 190)                 ADD   R0 R0 #5
(40B0) 0A1E  0000101000011110 ( 191)                 BRNP  TEST1
(40B1) 5020  0101000000100000 ( 193) CHANGE6         AND   R0 R0 #0
(40B2) 1026  0001000000100110 ( 194)                 ADD   R0 R0 #6
(40B3) 0A1B  0000101000011011 ( 195)                 BRNP  TEST1
(40B4) 5020  0101000000100000 ( 197) CHANGE7         AND   R0 R0 #0
(40B5) 1027  0001000000100111 ( 198)                 ADD   R0 R0 #7
(40B6) 0A18  0000101000011000 ( 199)                 BRNP  TEST1
(40B7) 5020  0101000000100000 ( 201) CHANGE8         AND   R0 R0 #0
(40B8) 1028  0001000000101000 ( 202)                 ADD   R0 R0 #8
(40B9) 0A15  0000101000010101 ( 203)                 BRNP  TEST1
(40BA) 5020  0101000000100000 ( 205) CHANGE9         AND   R0 R0 #0
(40BB) 1029  0001000000101001 ( 206)                 ADD   R0 R0 #9
(40BC) 0A12  0000101000010010 ( 207)                 BRNP  TEST1
(40BD) 5020  0101000000100000 ( 209) CHANGEA         AND   R0 R0 #0
(40BE) 102A  0001000000101010 ( 210)                 ADD   R0 R0 #10
(40BF) 0A0F  0000101000001111 ( 211)                 BRNP  TEST1
(40C0) 5020  0101000000100000 ( 213) CHANGEB         AND   R0 R0 #0
(40C1) 102B  0001000000101011 ( 214)                 ADD   R0 R0 #11
(40C2) 0A0C  0000101000001100 ( 215)                 BRNP  TEST1
(40C3) 5020  0101000000100000 ( 217) CHANGEC         AND   R0 R0 #0
(40C4) 102C  0001000000101100 ( 218)                 ADD   R0 R0 #12
(40C5) 0A09  0000101000001001 ( 219)                 BRNP  TEST1
(40C6) 5020  0101000000100000 ( 221) CHANGED         AND   R0 R0 #0
(40C7) 102D  0001000000101101 ( 222)                 ADD   R0 R0 #13
(40C8) 0A06  0000101000000110 ( 223)                 BRNP  TEST1
(40C9) 5020  0101000000100000 ( 225) CHANGEE         AND   R0 R0 #0
(40CA) 102E  0001000000101110 ( 226)                 ADD   R0 R0 #14
(40CB) 0A03  0000101000000011 ( 227)                 BRNP  TEST1
(40CC) 5020  0101000000100000 ( 229) CHANGEF         AND   R0 R0 #0
(40CD) 102F  0001000000101111 ( 230)                 ADD   R0 R0 #15
(40CE) 0A00  0000101000000000 ( 231)                 BRNP  TEST1
(40CF) 1000  0001000000000000 ( 235) TEST1           ADD   R0 R0 R0
(40D0) 1261  0001001001100001 ( 236)                 ADD   R1 R1 #1
(40D1) 94BF  1001010010111111 ( 237)                 NOT   R2 R2
(40D2) 5481  0101010010000001 ( 238)                 AND   R2 R2 R1
(40D3) 0546  0000010101000110 ( 239)                 BRZ   Loop
(40D4) 94BF  1001010010111111 ( 241) TEST2           NOT   R2 R2
(40D5) 5481  0101010010000001 ( 242)                 AND   R2 R2 R1
(40D6) 0543  0000010101000011 ( 243)                 BRZ   Loop
(40D7) 94BF  1001010010111111 ( 245) TEST3           NOT   R2 R2
(40D8) 5481  0101010010000001 ( 246)                 AND   R2 R2 R1
(40D9) 0540  0000010101000000 ( 247)                 BRZ   Loop
(40DA) 1261  0001001001100001 ( 249)                 ADD   R1 R1 #1
(40DB) 1A20  0001101000100000 ( 250)                 ADD   R5 R0 #0
(40DC) 0B3D  0000101100111101 ( 251)                 BRNP  Loop
(40DD) 94BF  1001010010111111 ( 253) TEST4           NOT   R2 R2
(40DE) 5481  0101010010000001 ( 254)                 AND   R2 R2 R1
(40DF) 053A  0000010100111010 ( 255)                 BRZ   Loop
(40E0) 94BF  1001010010111111 ( 257) TEST5           NOT   R2 R2
(40E1) 5481  0101010010000001 ( 258)                 AND   R2 R2 R1
(40E2) 1A20  0001101000100000 ( 260)                 ADD   R5 R0 #0
(40E3) 7040  0111000001000000 ( 261)                 STR   R0 R1 #0
(40E4) 2206  0010001000000110 ( 266) FINISH          LD    R1 SaveR1
(40E5) 2406  0010010000000110 ( 267)                 LD    R2 SaveR2
(40E6) 2606  0010011000000110 ( 268)                 LD    R3 SaveR3
(40E7) 2806  0010100000000110 ( 269)                 LD    R4 SaveR4
(40E8) 2A06  0010101000000110 ( 270)                 LD    R5 SaveR5
(40E9) 2E06  0010111000000110 ( 271)                 LD    R7 SaveR7
(40EA) C1C0  1100000111000000 ( 273)                 RET   
(40EB) 0000  0000000000000000 ( 275) SaveR1          .FILL x0000
(40EC) 0000  0000000000000000 ( 276) SaveR2          .FILL x0000
(40ED) 0000  0000000000000000 ( 277) SaveR3          .FILL x0000
(40EE) 0000  0000000000000000 ( 278) SaveR4          .FILL x0000
(40EF) 0000  0000000000000000 ( 279) SaveR5          .FILL x0000
(40F0) 0000  0000000000000000 ( 280) SaveR7          .FILL x0000
