(0000) 3000  0011000000000000 (   5)                 .ORIG x3000
(3000) 3E8C  0011111010001100 (   7)                 ST    R7 SaveR7
(3001) 2A8A  0010101010001010 (   8)                 LD    R5 MoveDisk
(3002) 000A  0000000000001010 (  10) ENT             .FILL x000A
(3003) 5020  0101000000100000 (  11)                 AND   R0 R0 #0
(3004) E028  1110000000101000 (  13)                 LEA   R0 prompt1
(3005) F022  1111000000100010 (  14)                 TRAP  x22
(3006) 5020  0101000000100000 (  16)                 AND   R0 R0 #0
(3007) 21FA  0010000111111010 (  17)                 LD    R0 ENT
(3008) F021  1111000000100001 (  18)                 TRAP  x21
(3009) F021  1111000000100001 (  19)                 TRAP  x21
(300A) 5020  0101000000100000 (  21)                 AND   R0 R0 #0
(300B) E035  1110000000110101 (  22)                 LEA   R0 prompt2
(300C) F022  1111000000100010 (  23)                 TRAP  x22
(300D) F020  1111000000100000 (  25)                 TRAP  x20
(300E) F021  1111000000100001 (  26)                 TRAP  x21
(300F) 1220  0001001000100000 (  28)                 ADD   R1 R0 #0
(3010) 5020  0101000000100000 (  30)                 AND   R0 R0 #0
(3011) 21F0  0010000111110000 (  31)                 LD    R0 ENT
(3012) F021  1111000000100001 (  32)                 TRAP  x21
(3013) F021  1111000000100001 (  33)                 TRAP  x21
(3014) 5020  0101000000100000 (  35)                 AND   R0 R0 #0
(3015) E03C  1110000000111100 (  36)                 LEA   R0 prompt3
(3016) F022  1111000000100010 (  37)                 TRAP  x22
(3017) 5020  0101000000100000 (  39)                 AND   R0 R0 #0
(3018) 1060  0001000001100000 (  40)                 ADD   R0 R1 #0
(3019) F021  1111000000100001 (  41)                 TRAP  x21
(301A) 5020  0101000000100000 (  43)                 AND   R0 R0 #0
(301B) E04C  1110000001001100 (  44)                 LEA   R0 prompt4
(301C) F022  1111000000100010 (  45)                 TRAP  x22
(301D) 5020  0101000000100000 (  47)                 AND   R0 R0 #0
(301E) 2C6C  0010110001101100 (  48)                 LD    R6 Start
(301F) 2A6C  0010101001101100 (  49)                 LD    R5 MoveDisk
(3020) 2466  0010010001100110 (  51)                 LD    R2 StartPost
(3021) 2666  0010011001100110 (  52)                 LD    R3 MidPost
(3022) 2866  0010100001100110 (  53)                 LD    R4 EndPost
(3023) 2066  0010000001100110 (  55)                 LD    R0 Therty
(3024) 1240  0001001001000000 (  56)                 ADD   R1 R1 R0
(3025) 737C  0111001101111100 (  57)                 STR   R1 R5 #-4
(3026) 757D  0111010101111101 (  58)                 STR   R2 R5 #-3
(3027) 797E  0111100101111110 (  59)                 STR   R4 R5 #-2
(3028) 777F  0111011101111111 (  60)                 STR   R3 R5 #-1
(3029) 1DBC  0001110110111100 (  62)                 ADD   R6 R6 #-4
(302A) 4180  0100000110000000 (  65)                 JSRR  R6
(302B) 1DA4  0001110110100100 (  67)                 ADD   R6 R6 #4
(302C) 2E60  0010111001100000 (  69)                 LD    R7 SaveR7
(302D) 002D  0000000000101101 (  71) prompt1         .FILL x002D
(302E) 002D  0000000000101101 (  71)                 .FILL x002D
(302F) 0054  0000000001010100 (  71)                 .FILL x0054
(3030) 006F  0000000001101111 (  71)                 .FILL x006F
(3031) 0077  0000000001110111 (  71)                 .FILL x0077
(3032) 0065  0000000001100101 (  71)                 .FILL x0065
(3033) 0072  0000000001110010 (  71)                 .FILL x0072
(3034) 0073  0000000001110011 (  71)                 .FILL x0073
(3035) 0020  0000000000100000 (  71)                 .FILL x0020
(3036) 006F  0000000001101111 (  71)                 .FILL x006F
(3037) 0066  0000000001100110 (  71)                 .FILL x0066
(3038) 0020  0000000000100000 (  71)                 .FILL x0020
(3039) 0048  0000000001001000 (  71)                 .FILL x0048
(303A) 0061  0000000001100001 (  71)                 .FILL x0061
(303B) 006E  0000000001101110 (  71)                 .FILL x006E
(303C) 006F  0000000001101111 (  71)                 .FILL x006F
(303D) 0069  0000000001101001 (  71)                 .FILL x0069
(303E) 002D  0000000000101101 (  71)                 .FILL x002D
(303F) 002D  0000000000101101 (  71)                 .FILL x002D
(3040) 0000  0000000000000000 (  71)                 .FILL x0000
(3041) 0048  0000000001001000 (  72) prompt2         .FILL x0048
(3042) 006F  0000000001101111 (  72)                 .FILL x006F
(3043) 0077  0000000001110111 (  72)                 .FILL x0077
(3044) 0020  0000000000100000 (  72)                 .FILL x0020
(3045) 006D  0000000001101101 (  72)                 .FILL x006D
(3046) 0061  0000000001100001 (  72)                 .FILL x0061
(3047) 006E  0000000001101110 (  72)                 .FILL x006E
(3048) 0079  0000000001111001 (  72)                 .FILL x0079
(3049) 0020  0000000000100000 (  72)                 .FILL x0020
(304A) 0064  0000000001100100 (  72)                 .FILL x0064
(304B) 0069  0000000001101001 (  72)                 .FILL x0069
(304C) 0073  0000000001110011 (  72)                 .FILL x0073
(304D) 006B  0000000001101011 (  72)                 .FILL x006B
(304E) 0073  0000000001110011 (  72)                 .FILL x0073
(304F) 003F  0000000000111111 (  72)                 .FILL x003F
(3050) 0020  0000000000100000 (  72)                 .FILL x0020
(3051) 0000  0000000000000000 (  72)                 .FILL x0000
(3052) 0049  0000000001001001 (  73) prompt3         .FILL x0049
(3053) 006E  0000000001101110 (  73)                 .FILL x006E
(3054) 0073  0000000001110011 (  73)                 .FILL x0073
(3055) 0074  0000000001110100 (  73)                 .FILL x0074
(3056) 0072  0000000001110010 (  73)                 .FILL x0072
(3057) 0075  0000000001110101 (  73)                 .FILL x0075
(3058) 0063  0000000001100011 (  73)                 .FILL x0063
(3059) 0074  0000000001110100 (  73)                 .FILL x0074
(305A) 0069  0000000001101001 (  73)                 .FILL x0069
(305B) 006F  0000000001101111 (  73)                 .FILL x006F
(305C) 006E  0000000001101110 (  73)                 .FILL x006E
(305D) 0073  0000000001110011 (  73)                 .FILL x0073
(305E) 0020  0000000000100000 (  73)                 .FILL x0020
(305F) 0074  0000000001110100 (  73)                 .FILL x0074
(3060) 006F  0000000001101111 (  73)                 .FILL x006F
(3061) 0020  0000000000100000 (  73)                 .FILL x0020
(3062) 006D  0000000001101101 (  73)                 .FILL x006D
(3063) 006F  0000000001101111 (  73)                 .FILL x006F
(3064) 0076  0000000001110110 (  73)                 .FILL x0076
(3065) 0065  0000000001100101 (  73)                 .FILL x0065
(3066) 0020  0000000000100000 (  73)                 .FILL x0020
(3067) 0000  0000000000000000 (  73)                 .FILL x0000
(3068) 0020  0000000000100000 (  74) prompt4         .FILL x0020
(3069) 0064  0000000001100100 (  74)                 .FILL x0064
(306A) 0069  0000000001101001 (  74)                 .FILL x0069
(306B) 0073  0000000001110011 (  74)                 .FILL x0073
(306C) 006B  0000000001101011 (  74)                 .FILL x006B
(306D) 0073  0000000001110011 (  74)                 .FILL x0073
(306E) 0020  0000000000100000 (  74)                 .FILL x0020
(306F) 0066  0000000001100110 (  74)                 .FILL x0066
(3070) 0072  0000000001110010 (  74)                 .FILL x0072
(3071) 006F  0000000001101111 (  74)                 .FILL x006F
(3072) 006D  0000000001101101 (  74)                 .FILL x006D
(3073) 0020  0000000000100000 (  74)                 .FILL x0020
(3074) 0070  0000000001110000 (  74)                 .FILL x0070
(3075) 006F  0000000001101111 (  74)                 .FILL x006F
(3076) 0073  0000000001110011 (  74)                 .FILL x0073
(3077) 0074  0000000001110100 (  74)                 .FILL x0074
(3078) 0020  0000000000100000 (  74)                 .FILL x0020
(3079) 0031  0000000000110001 (  74)                 .FILL x0031
(307A) 0020  0000000000100000 (  74)                 .FILL x0020
(307B) 0074  0000000001110100 (  74)                 .FILL x0074
(307C) 006F  0000000001101111 (  74)                 .FILL x006F
(307D) 0020  0000000000100000 (  74)                 .FILL x0020
(307E) 0070  0000000001110000 (  74)                 .FILL x0070
(307F) 006F  0000000001101111 (  74)                 .FILL x006F
(3080) 0073  0000000001110011 (  74)                 .FILL x0073
(3081) 0074  0000000001110100 (  74)                 .FILL x0074
(3082) 0020  0000000000100000 (  74)                 .FILL x0020
(3083) 0033  0000000000110011 (  74)                 .FILL x0033
(3084) 003A  0000000000111010 (  74)                 .FILL x003A
(3085) 0000  0000000000000000 (  74)                 .FILL x0000
(3086) F025  1111000000100101 (  76)                 TRAP  x25
(3087) 0001  0000000000000001 (  79) StartPost       .FILL x0001
(3088) 0002  0000000000000010 (  80) MidPost         .FILL x0002
(3089) 0003  0000000000000011 (  81) EndPost         .FILL x0003
(308A) FFD0  1111111111010000 (  83) Therty          .FILL xFFD0
(308B) 5000  0101000000000000 (  84) Start           .FILL x5000
(308C) 5000  0101000000000000 (  85) MoveDisk        .FILL x5000
(308D) 0000  0000000000000000 (  88) SaveR7          .FILL x0000
