(0000) 3000  0011000000000000 (   5)                 .ORIG x3000
(3000) 32AC  0011001010101100 (   7)                 ST    R1 SaveR1
(3001) 34AC  0011010010101100 (   8)                 ST    R2 SaveR2
(3002) 36AC  0011011010101100 (   9)                 ST    R3 SaveR3
(3003) 38AC  0011100010101100 (  10)                 ST    R4 SaveR4
(3004) 5020  0101000000100000 (  12)                 AND   R0 R0 #0
(3005) 5260  0101001001100000 (  13)                 AND   R1 R1 #0
(3006) 54A0  0101010010100000 (  14)                 AND   R2 R2 #0
(3007) 56E0  0101011011100000 (  15)                 AND   R3 R3 #0
(3008) 5920  0101100100100000 (  16)                 AND   R4 R4 #0
(3009) 0045  0000000001000101 (  19) prompt          .FILL x0045
(300A) 006E  0000000001101110 (  19)                 .FILL x006E
(300B) 0074  0000000001110100 (  19)                 .FILL x0074
(300C) 0065  0000000001100101 (  19)                 .FILL x0065
(300D) 0072  0000000001110010 (  19)                 .FILL x0072
(300E) 0020  0000000000100000 (  19)                 .FILL x0020
(300F) 0073  0000000001110011 (  19)                 .FILL x0073
(3010) 0074  0000000001110100 (  19)                 .FILL x0074
(3011) 0061  0000000001100001 (  19)                 .FILL x0061
(3012) 0072  0000000001110010 (  19)                 .FILL x0072
(3013) 0074  0000000001110100 (  19)                 .FILL x0074
(3014) 0069  0000000001101001 (  19)                 .FILL x0069
(3015) 006E  0000000001101110 (  19)                 .FILL x006E
(3016) 0067  0000000001100111 (  19)                 .FILL x0067
(3017) 0020  0000000000100000 (  19)                 .FILL x0020
(3018) 006D  0000000001101101 (  19)                 .FILL x006D
(3019) 0065  0000000001100101 (  19)                 .FILL x0065
(301A) 006D  0000000001101101 (  19)                 .FILL x006D
(301B) 006F  0000000001101111 (  19)                 .FILL x006F
(301C) 0072  0000000001110010 (  19)                 .FILL x0072
(301D) 0079  0000000001111001 (  19)                 .FILL x0079
(301E) 0020  0000000000100000 (  19)                 .FILL x0020
(301F) 0041  0000000001000001 (  19)                 .FILL x0041
(3020) 0064  0000000001100100 (  19)                 .FILL x0064
(3021) 0064  0000000001100100 (  19)                 .FILL x0064
(3022) 0072  0000000001110010 (  19)                 .FILL x0072
(3023) 0065  0000000001100101 (  19)                 .FILL x0065
(3024) 0073  0000000001110011 (  19)                 .FILL x0073
(3025) 0073  0000000001110011 (  19)                 .FILL x0073
(3026) 003A  0000000000111010 (  19)                 .FILL x003A
(3027) 0078  0000000001111000 (  19)                 .FILL x0078
(3028) 0000  0000000000000000 (  19)                 .FILL x0000
(3029) E1DF  1110000111011111 (  20)                 LEA   R0 prompt
(302A) F022  1111000000100010 (  21)                 TRAP  x22
(302B) F040  1111000001000000 (  23)                 TRAP  x40
(302C) 1220  0001001000100000 (  24)                 ADD   R1 R0 #0
(302D) 5020  0101000000100000 (  26)                 AND   R0 R0 #0
(302E) 0045  0000000001000101 (  29) prompt2         .FILL x0045
(302F) 006E  0000000001101110 (  29)                 .FILL x006E
(3030) 0074  0000000001110100 (  29)                 .FILL x0074
(3031) 0065  0000000001100101 (  29)                 .FILL x0065
(3032) 0072  0000000001110010 (  29)                 .FILL x0072
(3033) 0020  0000000000100000 (  29)                 .FILL x0020
(3034) 0065  0000000001100101 (  29)                 .FILL x0065
(3035) 006E  0000000001101110 (  29)                 .FILL x006E
(3036) 0064  0000000001100100 (  29)                 .FILL x0064
(3037) 0069  0000000001101001 (  29)                 .FILL x0069
(3038) 006E  0000000001101110 (  29)                 .FILL x006E
(3039) 0067  0000000001100111 (  29)                 .FILL x0067
(303A) 0020  0000000000100000 (  29)                 .FILL x0020
(303B) 006D  0000000001101101 (  29)                 .FILL x006D
(303C) 0065  0000000001100101 (  29)                 .FILL x0065
(303D) 006D  0000000001101101 (  29)                 .FILL x006D
(303E) 006F  0000000001101111 (  29)                 .FILL x006F
(303F) 0072  0000000001110010 (  29)                 .FILL x0072
(3040) 0079  0000000001111001 (  29)                 .FILL x0079
(3041) 0020  0000000000100000 (  29)                 .FILL x0020
(3042) 0041  0000000001000001 (  29)                 .FILL x0041
(3043) 0064  0000000001100100 (  29)                 .FILL x0064
(3044) 0064  0000000001100100 (  29)                 .FILL x0064
(3045) 0072  0000000001110010 (  29)                 .FILL x0072
(3046) 0065  0000000001100101 (  29)                 .FILL x0065
(3047) 0073  0000000001110011 (  29)                 .FILL x0073
(3048) 0073  0000000001110011 (  29)                 .FILL x0073
(3049) 003A  0000000000111010 (  29)                 .FILL x003A
(304A) 0078  0000000001111000 (  29)                 .FILL x0078
(304B) 0000  0000000000000000 (  29)                 .FILL x0000
(304C) E1E1  1110000111100001 (  30)                 LEA   R0 prompt2
(304D) F022  1111000000100010 (  31)                 TRAP  x22
(304E) F040  1111000001000000 (  33)                 TRAP  x40
(304F) 1420  0001010000100000 (  34)                 ADD   R2 R0 #0
(3050) 5020  0101000000100000 (  37)                 AND   R0 R0 #0
(3051) 0054  0000000001010100 (  38) prompt3         .FILL x0054
(3052) 0068  0000000001101000 (  38)                 .FILL x0068
(3053) 0065  0000000001100101 (  38)                 .FILL x0065
(3054) 0020  0000000000100000 (  38)                 .FILL x0020
(3055) 004D  0000000001001101 (  38)                 .FILL x004D
(3056) 0065  0000000001100101 (  38)                 .FILL x0065
(3057) 006D  0000000001101101 (  38)                 .FILL x006D
(3058) 006F  0000000001101111 (  38)                 .FILL x006F
(3059) 0072  0000000001110010 (  38)                 .FILL x0072
(305A) 0079  0000000001111001 (  38)                 .FILL x0079
(305B) 0020  0000000000100000 (  38)                 .FILL x0020
(305C) 0043  0000000001000011 (  38)                 .FILL x0043
(305D) 006F  0000000001101111 (  38)                 .FILL x006F
(305E) 006E  0000000001101110 (  38)                 .FILL x006E
(305F) 0074  0000000001110100 (  38)                 .FILL x0074
(3060) 0065  0000000001100101 (  38)                 .FILL x0065
(3061) 006E  0000000001101110 (  38)                 .FILL x006E
(3062) 0074  0000000001110100 (  38)                 .FILL x0074
(3063) 0073  0000000001110011 (  38)                 .FILL x0073
(3064) 003A  0000000000111010 (  38)                 .FILL x003A
(3065) 0020  0000000000100000 (  38)                 .FILL x0020
(3066) 0000  0000000000000000 (  38)                 .FILL x0000
(3067) E1E9  1110000111101001 (  39)                 LEA   R0 prompt3
(3068) F022  1111000000100010 (  40)                 TRAP  x22
(3069) 6640  0110011001000000 (  43) TEST            LDR   R3 R1 #0
(306A) 6880  0110100010000000 (  44)                 LDR   R4 R2 #0
(306B) 993F  1001100100111111 (  45)                 NOT   R4 R4
(306C) 1903  0001100100000011 (  46)                 ADD   R4 R4 R3
(306D) 0830  0000100000110000 (  47)                 BRN   CHECK
(306E) 5020  0101000000100000 (  49)                 AND   R0 R0 #0
(306F) 0052  0000000001010010 (  50) reprompt        .FILL x0052
(3070) 0065  0000000001100101 (  50)                 .FILL x0065
(3071) 002D  0000000000101101 (  50)                 .FILL x002D
(3072) 0045  0000000001000101 (  50)                 .FILL x0045
(3073) 006E  0000000001101110 (  50)                 .FILL x006E
(3074) 0074  0000000001110100 (  50)                 .FILL x0074
(3075) 0065  0000000001100101 (  50)                 .FILL x0065
(3076) 0072  0000000001110010 (  50)                 .FILL x0072
(3077) 0020  0000000000100000 (  50)                 .FILL x0020
(3078) 0061  0000000001100001 (  50)                 .FILL x0061
(3079) 0020  0000000000100000 (  50)                 .FILL x0020
(307A) 0076  0000000001110110 (  50)                 .FILL x0076
(307B) 0061  0000000001100001 (  50)                 .FILL x0061
(307C) 006C  0000000001101100 (  50)                 .FILL x006C
(307D) 0069  0000000001101001 (  50)                 .FILL x0069
(307E) 0064  0000000001100100 (  50)                 .FILL x0064
(307F) 0020  0000000000100000 (  50)                 .FILL x0020
(3080) 0034  0000000000110100 (  50)                 .FILL x0034
(3081) 0020  0000000000100000 (  50)                 .FILL x0020
(3082) 0048  0000000001001000 (  50)                 .FILL x0048
(3083) 0065  0000000001100101 (  50)                 .FILL x0065
(3084) 0078  0000000001111000 (  50)                 .FILL x0078
(3085) 0020  0000000000100000 (  50)                 .FILL x0020
(3086) 0063  0000000001100011 (  50)                 .FILL x0063
(3087) 0068  0000000001101000 (  50)                 .FILL x0068
(3088) 0061  0000000001100001 (  50)                 .FILL x0061
(3089) 0072  0000000001110010 (  50)                 .FILL x0072
(308A) 0061  0000000001100001 (  50)                 .FILL x0061
(308B) 0063  0000000001100011 (  50)                 .FILL x0063
(308C) 0074  0000000001110100 (  50)                 .FILL x0074
(308D) 0065  0000000001100101 (  50)                 .FILL x0065
(308E) 0072  0000000001110010 (  50)                 .FILL x0072
(308F) 0020  0000000000100000 (  50)                 .FILL x0020
(3090) 0061  0000000001100001 (  50)                 .FILL x0061
(3091) 0064  0000000001100100 (  50)                 .FILL x0064
(3092) 0064  0000000001100100 (  50)                 .FILL x0064
(3093) 0072  0000000001110010 (  50)                 .FILL x0072
(3094) 0065  0000000001100101 (  50)                 .FILL x0065
(3095) 0073  0000000001110011 (  50)                 .FILL x0073
(3096) 0073  0000000001110011 (  50)                 .FILL x0073
(3097) 003A  0000000000111010 (  50)                 .FILL x003A
(3098) 0020  0000000000100000 (  50)                 .FILL x0020
(3099) 0078  0000000001111000 (  50)                 .FILL x0078
(309A) 0000  0000000000000000 (  50)                 .FILL x0000
(309B) E1D3  1110000111010011 (  51)                 LEA   R0 reprompt
(309C) F022  1111000000100010 (  52)                 TRAP  x22
(309D) 0FCB  0000111111001011 (  53)                 BRNZP TEST
(309E) 6A40  0110101001000000 (  55) CHECK           LDR   R5 R1 #0
(309F) 6C80  0110110010000000 (  56)                 LDR   R6 R2 #0
(30A0) 1B61  0001101101100001 (  57)                 ADD   R5 R5 #1
(30A1) 9B7F  1001101101111111 (  58)                 NOT   R5 R5
(30A2) 1B46  0001101101000110 (  59)                 ADD   R5 R5 R6
(30A3) 0402  0000010000000010 (  60)                 BRZ   LAST
(30A4) F041  1111000001000001 (  62)                 TRAP  x41
(30A5) 0FC3  0000111111000011 (  63)                 BRNZP TEST
(30A6) 10A0  0001000010100000 (  65) LAST            ADD   R0 R2 #0
(30A7) F041  1111000001000001 (  66)                 TRAP  x41
(30A8) 2204  0010001000000100 (  68)                 LD    R1 SaveR1
(30A9) 2404  0010010000000100 (  69)                 LD    R2 SaveR2
(30AA) 2604  0010011000000100 (  70)                 LD    R3 SaveR3
(30AB) 2804  0010100000000100 (  71)                 LD    R4 SaveR4
(30AC) F025  1111000000100101 (  73)                 TRAP  x25
(30AD) 0000  0000000000000000 (  76) SaveR1          .FILL x0000
(30AE) 0000  0000000000000000 (  77) SaveR2          .FILL x0000
(30AF) 0000  0000000000000000 (  78) SaveR3          .FILL x0000
(30B0) 0000  0000000000000000 (  80) SaveR4          .FILL x0000
