(0000) 5000  0101000000000000 (   4)                 .ORIG x5000
(5000) 6B80  0110101110000000 (   6) MoveDisk        LDR   R5 R6 #0
(5001) 1DBF  0001110110111111 (   7)                 ADD   R6 R6 #-1
(5002) 6F80  0110111110000000 (   8)                 LDR   R7 R6 #0
(5003) 1DBF  0001110110111111 (   9)                 ADD   R6 R6 #-1
(5004) 1DBD  0001110110111101 (  14)                 ADD   R6 R6 #-3
(5005) 7B81  0111101110000001 (  15)                 STR   R5 R6 #1
(5006) 7F82  0111111110000010 (  16)                 STR   R7 R6 #2
(5007) 1BA0  0001101110100000 (  18)                 ADD   R5 R6 #0
(5008) 6144  0110000101000100 (  20)                 LDR   R0 R5 #4
(5009) 103F  0001000000111111 (  21)                 ADD   R0 R0 #-1
(500A) 0C3C  0000110000111100 (  22)                 BRNZ  ELSE
(500B) 127F  0001001001111111 (  24)                 ADD   R1 R1 #-1
(500C) 6344  0110001101000100 (  26)                 LDR   R1 R5 #4
(500D) 6545  0110010101000101 (  27)                 LDR   R2 R5 #5
(500E) 6746  0110011101000110 (  28)                 LDR   R3 R5 #6
(500F) 6947  0110100101000111 (  29)                 LDR   R4 R5 #7
(5010) 127F  0001001001111111 (  31)                 ADD   R1 R1 #-1
(5011) 204B  0010000001001011 (  33)                 LD    R0 Therty
(5012) 1240  0001001001000000 (  34)                 ADD   R1 R1 R0
(5013) 137C  0001001101111100 (  36)                 ADD   R1 R5 #-4
(5014) 6340  0110001101000000 (  37)                 LDR   R1 R5 #0
(5015) 157D  0001010101111101 (  39)                 ADD   R2 R5 #-3
(5016) 6540  0110010101000000 (  40)                 LDR   R2 R5 #0
(5017) 177E  0001011101111110 (  42)                 ADD   R3 R5 #-2
(5018) 6740  0110011101000000 (  43)                 LDR   R3 R5 #0
(5019) 197F  0001100101111111 (  45)                 ADD   R4 R5 #-1
(501A) 6940  0110100101000000 (  46)                 LDR   R4 R5 #0
(501B) 1DBB  0001110110111011 (  48)                 ADD   R6 R6 #-5
(501C) 4FE3  0100111111100011 (  50)                 JSR   MoveDisk
(501D) 1DA5  0001110110100101 (  52)                 ADD   R6 R6 #5
(501E) 5020  0101000000100000 (  55)                 AND   R0 R0 #0
(501F) E03E  1110000000111110 (  56)                 LEA   R0 prompt1a
(5020) F022  1111000000100010 (  57)                 TRAP  x22
(5021) 5020  0101000000100000 (  59)                 AND   R0 R0 #0
(5022) 1060  0001000001100000 (  60)                 ADD   R0 R1 #0
(5023) F021  1111000000100001 (  61)                 TRAP  x21
(5024) 5020  0101000000100000 (  64)                 AND   R0 R0 #0
(5025) E043  1110000001000011 (  65)                 LEA   R0 prompt1b
(5026) 5020  0101000000100000 (  67)                 AND   R0 R0 #0
(5027) 10A0  0001000010100000 (  68)                 ADD   R0 R2 #0
(5028) F021  1111000000100001 (  69)                 TRAP  x21
(5029) 5020  0101000000100000 (  72)                 AND   R0 R0 #0
(502A) E049  1110000001001001 (  73)                 LEA   R0 prompt1c
(502B) 5020  0101000000100000 (  75)                 AND   R0 R0 #0
(502C) 1120  0001000100100000 (  76)                 ADD   R0 R4 #0
(502D) F021  1111000000100001 (  77)                 TRAP  x21
(502E) 5020  0101000000100000 (  80)                 AND   R0 R0 #0
(502F) 202C  0010000000101100 (  81)                 LD    R0 ENT
(5030) F021  1111000000100001 (  82)                 TRAP  x21
(5031) F021  1111000000100001 (  83)                 TRAP  x21
(5032) 127F  0001001001111111 (  85)                 ADD   R1 R1 #-1
(5033) 1240  0001001001000000 (  88)                 ADD   R1 R1 R0
(5034) 6344  0110001101000100 (  89)                 LDR   R1 R5 #4
(5035) 6546  0110010101000110 (  90)                 LDR   R2 R5 #6
(5036) 6747  0110011101000111 (  91)                 LDR   R3 R5 #7
(5037) 6945  0110100101000101 (  92)                 LDR   R4 R5 #5
(5038) 127F  0001001001111111 (  94)                 ADD   R1 R1 #-1
(5039) 2023  0010000000100011 (  97)                 LD    R0 Therty
(503A) 1240  0001001001000000 (  98)                 ADD   R1 R1 R0
(503B) 137C  0001001101111100 ( 100)                 ADD   R1 R5 #-4
(503C) 6340  0110001101000000 ( 101)                 LDR   R1 R5 #0
(503D) 177D  0001011101111101 ( 103)                 ADD   R3 R5 #-3
(503E) 6740  0110011101000000 ( 104)                 LDR   R3 R5 #0
(503F) 197E  0001100101111110 ( 106)                 ADD   R4 R5 #-2
(5040) 6940  0110100101000000 ( 107)                 LDR   R4 R5 #0
(5041) 157F  0001010101111111 ( 109)                 ADD   R2 R5 #-1
(5042) 6540  0110010101000000 ( 110)                 LDR   R2 R5 #0
(5043) 1DBB  0001110110111011 ( 112)                 ADD   R6 R6 #-5
(5044) 4FBB  0100111110111011 ( 114)                 JSR   MoveDisk
(5045) 1DA5  0001110110100101 ( 116)                 ADD   R6 R6 #5
(5046) C1C0  1100000111000000 ( 118)                 RET   
(5047) 5020  0101000000100000 ( 120) ELSE            AND   R0 R0 #0
(5048) 5020  0101000000100000 ( 122)                 AND   R0 R0 #0
(5049) E033  1110000000110011 ( 123)                 LEA   R0 prompt2a
(504A) F022  1111000000100010 ( 124)                 TRAP  x22
(504B) 5020  0101000000100000 ( 126)                 AND   R0 R0 #0
(504C) 10A0  0001000010100000 ( 127)                 ADD   R0 R2 #0
(504D) F021  1111000000100001 ( 128)                 TRAP  x21
(504E) 5020  0101000000100000 ( 130)                 AND   R0 R0 #0
(504F) E044  1110000001000100 ( 131)                 LEA   R0 prompt2b
(5050) 5020  0101000000100000 ( 133)                 AND   R0 R0 #0
(5051) 1120  0001000100100000 ( 134)                 ADD   R0 R4 #0
(5052) F021  1111000000100001 ( 135)                 TRAP  x21
(5053) 5020  0101000000100000 ( 137)                 AND   R0 R0 #0
(5054) 2007  0010000000000111 ( 138)                 LD    R0 ENT
(5055) F021  1111000000100001 ( 139)                 TRAP  x21
(5056) F021  1111000000100001 ( 140)                 TRAP  x21
(5057) 6F82  0110111110000010 ( 142)                 LDR   R7 R6 #2
(5058) 6B81  0110101110000001 ( 143)                 LDR   R5 R6 #1
(5059) 1DA3  0001110110100011 ( 145)                 ADD   R6 R6 #3
(505A) C1C0  1100000111000000 ( 147)                 RET   
(505B) 0031  0000000000110001 ( 149) ONE             .FILL x0031
(505C) 000A  0000000000001010 ( 150) ENT             .FILL x000A
(505D) FFD0  1111111111010000 ( 151) Therty          .FILL xFFD0
(505E) 004D  0000000001001101 ( 153) prompt1a        .FILL x004D
(505F) 006F  0000000001101111 ( 153)                 .FILL x006F
(5060) 0076  0000000001110110 ( 153)                 .FILL x0076
(5061) 0065  0000000001100101 ( 153)                 .FILL x0065
(5062) 0020  0000000000100000 ( 153)                 .FILL x0020
(5063) 0044  0000000001000100 ( 153)                 .FILL x0044
(5064) 0069  0000000001101001 ( 153)                 .FILL x0069
(5065) 0073  0000000001110011 ( 153)                 .FILL x0073
(5066) 006B  0000000001101011 ( 153)                 .FILL x006B
(5067) 0020  0000000000100000 ( 153)                 .FILL x0020
(5068) 0000  0000000000000000 ( 153)                 .FILL x0000
(5069) 0066  0000000001100110 ( 154) prompt1b        .FILL x0066
(506A) 0072  0000000001110010 ( 154)                 .FILL x0072
(506B) 006F  0000000001101111 ( 154)                 .FILL x006F
(506C) 006D  0000000001101101 ( 154)                 .FILL x006D
(506D) 0020  0000000000100000 ( 154)                 .FILL x0020
(506E) 0070  0000000001110000 ( 154)                 .FILL x0070
(506F) 006F  0000000001101111 ( 154)                 .FILL x006F
(5070) 0073  0000000001110011 ( 154)                 .FILL x0073
(5071) 0074  0000000001110100 ( 154)                 .FILL x0074
(5072) 0020  0000000000100000 ( 154)                 .FILL x0020
(5073) 0000  0000000000000000 ( 154)                 .FILL x0000
(5074) 0074  0000000001110100 ( 155) prompt1c        .FILL x0074
(5075) 006F  0000000001101111 ( 155)                 .FILL x006F
(5076) 0020  0000000000100000 ( 155)                 .FILL x0020
(5077) 0070  0000000001110000 ( 155)                 .FILL x0070
(5078) 006F  0000000001101111 ( 155)                 .FILL x006F
(5079) 0073  0000000001110011 ( 155)                 .FILL x0073
(507A) 0074  0000000001110100 ( 155)                 .FILL x0074
(507B) 0020  0000000000100000 ( 155)                 .FILL x0020
(507C) 0000  0000000000000000 ( 155)                 .FILL x0000
(507D) 004D  0000000001001101 ( 157) prompt2a        .FILL x004D
(507E) 006F  0000000001101111 ( 157)                 .FILL x006F
(507F) 0076  0000000001110110 ( 157)                 .FILL x0076
(5080) 0065  0000000001100101 ( 157)                 .FILL x0065
(5081) 0020  0000000000100000 ( 157)                 .FILL x0020
(5082) 0044  0000000001000100 ( 157)                 .FILL x0044
(5083) 0069  0000000001101001 ( 157)                 .FILL x0069
(5084) 0073  0000000001110011 ( 157)                 .FILL x0073
(5085) 006B  0000000001101011 ( 157)                 .FILL x006B
(5086) 0020  0000000000100000 ( 157)                 .FILL x0020
(5087) 0031  0000000000110001 ( 157)                 .FILL x0031
(5088) 0020  0000000000100000 ( 157)                 .FILL x0020
(5089) 0066  0000000001100110 ( 157)                 .FILL x0066
(508A) 0072  0000000001110010 ( 157)                 .FILL x0072
(508B) 006F  0000000001101111 ( 157)                 .FILL x006F
(508C) 006D  0000000001101101 ( 157)                 .FILL x006D
(508D) 0020  0000000000100000 ( 157)                 .FILL x0020
(508E) 0070  0000000001110000 ( 157)                 .FILL x0070
(508F) 006F  0000000001101111 ( 157)                 .FILL x006F
(5090) 0073  0000000001110011 ( 157)                 .FILL x0073
(5091) 0074  0000000001110100 ( 157)                 .FILL x0074
(5092) 0020  0000000000100000 ( 157)                 .FILL x0020
(5093) 0000  0000000000000000 ( 157)                 .FILL x0000
(5094) 0020  0000000000100000 ( 158) prompt2b        .FILL x0020
(5095) 0074  0000000001110100 ( 158)                 .FILL x0074
(5096) 006F  0000000001101111 ( 158)                 .FILL x006F
(5097) 0020  0000000000100000 ( 158)                 .FILL x0020
(5098) 0070  0000000001110000 ( 158)                 .FILL x0070
(5099) 006F  0000000001101111 ( 158)                 .FILL x006F
(509A) 0073  0000000001110011 ( 158)                 .FILL x0073
(509B) 0074  0000000001110100 ( 158)                 .FILL x0074
(509C) 0020  0000000000100000 ( 158)                 .FILL x0020
(509D) 0000  0000000000000000 ( 158)                 .FILL x0000
(509E) 0000  0000000000000000 ( 162) SaveR5          .FILL x0000
(509F) 0000  0000000000000000 ( 163) SaveR7          .FILL x0000
