(0000) 5000  0101000000000000 (   4)                 .ORIG x5000
(5000) 3073  0011000001110011 (   7) Output          ST    R0 SaveR0
(5001) 3673  0011011001110011 (   8)                 ST    R3 SaveR3
(5002) 3873  0011100001110011 (   9)                 ST    R4 SaveR4
(5003) 3A73  0011101001110011 (  10)                 ST    R5 SaveR5
(5004) 3C73  0011110001110011 (  11)                 ST    R6 SaveR6
(5005) 3E73  0011111001110011 (  12)                 ST    R7 SaveR7
(5006) 1060  0001000001100000 (  14)                 ADD   R0 R1 #0
(5007) 56E0  0101011011100000 (  15)                 AND   R3 R3 #0
(5008) 16E4  0001011011100100 (  16)                 ADD   R3 R3 #4
(5009) 16FF  0001011011111111 (  20) Loop            ADD   R3 R3 #-1
(500A) 993F  1001100100111111 (  21)                 NOT   R4 R4
(500B) 18C4  0001100011000100 (  22)                 ADD   R4 R3 R4
(500C) 024B  0000001001001011 (  23)                 BRP   SHIFTR
(500D) 2C7D  0010110001111101 (  24)                 LD    R6 CHANGE
(500E) 5246  0101001001000110 (  25)                 AND   R1 R1 R6
(500F) 0E00  0000111000000000 (  26)                 BRNZP CHECK0
(5010) AA00  1010101000000000 (  29) CHECK0          LDI   R5 x5011
(5011) 9B7F  1001101101111111 (  30)                 NOT   R5 R5
(5012) 1140  0001000101000000 (  31)                 ADD   R0 R5 R0
(5013) 043C  0000010000111100 (  32)                 BRZ   PRINT
(5014) AA01  1010101000000001 (  34) CHECK1          LDI   R5 x5016
(5015) 9B7F  1001101101111111 (  35)                 NOT   R5 R5
(5016) 1140  0001000101000000 (  36)                 ADD   R0 R5 R0
(5017) 0438  0000010000111000 (  37)                 BRZ   PRINT
(5018) AA02  1010101000000010 (  39) CHECK2          LDI   R5 x501B
(5019) 9B7F  1001101101111111 (  40)                 NOT   R5 R5
(501A) 1140  0001000101000000 (  41)                 ADD   R0 R5 R0
(501B) 0434  0000010000110100 (  42)                 BRZ   PRINT
(501C) AA03  1010101000000011 (  44) CHECK3          LDI   R5 x5020
(501D) 9B7F  1001101101111111 (  45)                 NOT   R5 R5
(501E) 1140  0001000101000000 (  46)                 ADD   R0 R5 R0
(501F) 0430  0000010000110000 (  47)                 BRZ   PRINT
(5020) AA04  1010101000000100 (  49) CHECK4          LDI   R5 x5025
(5021) 9B7F  1001101101111111 (  50)                 NOT   R5 R5
(5022) 1140  0001000101000000 (  51)                 ADD   R0 R5 R0
(5023) 042C  0000010000101100 (  52)                 BRZ   PRINT
(5024) AA05  1010101000000101 (  54) CHECK5          LDI   R5 x502A
(5025) 9B7F  1001101101111111 (  55)                 NOT   R5 R5
(5026) 1140  0001000101000000 (  56)                 ADD   R0 R5 R0
(5027) 0428  0000010000101000 (  57)                 BRZ   PRINT
(5028) AA06  1010101000000110 (  59) CHECK6          LDI   R5 x502F
(5029) 9B7F  1001101101111111 (  60)                 NOT   R5 R5
(502A) 1140  0001000101000000 (  61)                 ADD   R0 R5 R0
(502B) 0424  0000010000100100 (  62)                 BRZ   PRINT
(502C) AA07  1010101000000111 (  64) CHECK7          LDI   R5 x5034
(502D) 9B7F  1001101101111111 (  65)                 NOT   R5 R5
(502E) 1140  0001000101000000 (  66)                 ADD   R0 R5 R0
(502F) 0420  0000010000100000 (  67)                 BRZ   PRINT
(5030) AA08  1010101000001000 (  69) CHECK8          LDI   R5 x5039
(5031) 9B7F  1001101101111111 (  70)                 NOT   R5 R5
(5032) 1140  0001000101000000 (  71)                 ADD   R0 R5 R0
(5033) 041C  0000010000011100 (  72)                 BRZ   PRINT
(5034) AA09  1010101000001001 (  74) CHECK9          LDI   R5 x503E
(5035) 9B7F  1001101101111111 (  75)                 NOT   R5 R5
(5036) 1140  0001000101000000 (  76)                 ADD   R0 R5 R0
(5037) 0418  0000010000011000 (  77)                 BRZ   PRINT
(5038) AA0A  1010101000001010 (  79) CHANGEA         LDI   R5 x5043
(5039) 9B7F  1001101101111111 (  80)                 NOT   R5 R5
(503A) 1140  0001000101000000 (  81)                 ADD   R0 R5 R0
(503B) 0414  0000010000010100 (  82)                 BRZ   PRINT
(503C) AA0B  1010101000001011 (  84) CHANGEB         LDI   R5 x5048
(503D) 9B7F  1001101101111111 (  85)                 NOT   R5 R5
(503E) 1140  0001000101000000 (  86)                 ADD   R0 R5 R0
(503F) 0410  0000010000010000 (  87)                 BRZ   PRINT
(5040) AA0C  1010101000001100 (  89) CHANGEC         LDI   R5 x504D
(5041) 9B7F  1001101101111111 (  90)                 NOT   R5 R5
(5042) 1140  0001000101000000 (  91)                 ADD   R0 R5 R0
(5043) 040C  0000010000001100 (  92)                 BRZ   PRINT
(5044) AA0D  1010101000001101 (  94) CHANGED         LDI   R5 x5052
(5045) 9B7F  1001101101111111 (  95)                 NOT   R5 R5
(5046) 1140  0001000101000000 (  96)                 ADD   R0 R5 R0
(5047) 0408  0000010000001000 (  97)                 BRZ   PRINT
(5048) AA0E  1010101000001110 (  99) CHANGEE         LDI   R5 x5057
(5049) 9B7F  1001101101111111 ( 100)                 NOT   R5 R5
(504A) 1140  0001000101000000 ( 101)                 ADD   R0 R5 R0
(504B) 0404  0000010000000100 ( 102)                 BRZ   PRINT
(504C) AA0F  1010101000001111 ( 104) CHANGEF         LDI   R5 x505C
(504D) 9B7F  1001101101111111 ( 105)                 NOT   R5 R5
(504E) 1140  0001000101000000 ( 106)                 ADD   R0 R5 R0
(504F) 0400  0000010000000000 ( 107)                 BRZ   PRINT
(5050) 1060  0001000001100000 ( 111) PRINT           ADD   R0 R1 #0
(5051) F021  1111000000100001 ( 112)                 TRAP  x21
(5052) 16E5  0001011011100101 ( 114)                 ADD   R3 R3 #5
(5053) 16FF  0001011011111111 ( 115)                 ADD   R3 R3 #-1
(5054) 9B7F  1001101101111111 ( 116)                 NOT   R5 R5
(5055) 1AC5  0001101011000101 ( 117)                 ADD   R5 R3 R5
(5056) 0BB9  0000101110111001 ( 118)                 BRNP  CHECK0
(5057) 0415  0000010000010101 ( 119)                 BRZ   FINISH
(5058) 3212  0011001000010010 ( 123) SHIFTR          ST    R1 R1SAVE
(5059) 3412  0011010000010010 ( 124)                 ST    R2 R2SAVE
(505A) 5260  0101001001100000 ( 126)                 AND   R1 R1 #0
(505B) 54A0  0101010010100000 ( 127)                 AND   R2 R2 #0
(505C) 14AF  0001010010101111 ( 128)                 ADD   R2 R2 #15
(505D) 1020  0001000000100000 ( 130) NextBit         ADD   R0 R0 #0
(505E) 0803  0000100000000011 ( 131)                 BRN   MSBIS1
(505F) 1241  0001001001000001 ( 133) MSBIS0          ADD   R1 R1 R1
(5060) 1000  0001000000000000 ( 135)                 ADD   R0 R0 R0
(5061) 0E03  0000111000000011 ( 136)                 BRNZP TestDone
(5062) 1241  0001001001000001 ( 138) MSBIS1          ADD   R1 R1 R1
(5063) 1263  0001001001100011 ( 139)                 ADD   R1 R1 #3
(5064) 1000  0001000000000000 ( 140)                 ADD   R0 R0 R0
(5065) 14BF  0001010010111111 ( 142) TestDone        ADD   R2 R2 #-1
(5066) 03F6  0000001111110110 ( 143)                 BRP   NextBit
(5067) 1060  0001000001100000 ( 145) Done            ADD   R0 R1 #0
(5068) 2403  0010010000000011 ( 146)                 LD    R2 R2SAVE
(5069) 2201  0010001000000001 ( 147)                 LD    R1 R1SAVE
(506A) C1C0  1100000111000000 ( 148)                 RET   
(506B) 0000  0000000000000000 ( 151) R1SAVE          .FILL x0000
(506C) 0000  0000000000000000 ( 153) R2SAVE          .FILL x0000
(506D) 2006  0010000000000110 ( 155) FINISH          LD    R0 SaveR0
(506E) 2606  0010011000000110 ( 156)                 LD    R3 SaveR3
(506F) 2806  0010100000000110 ( 157)                 LD    R4 SaveR4
(5070) 2A06  0010101000000110 ( 158)                 LD    R5 SaveR5
(5071) 2C06  0010110000000110 ( 159)                 LD    R6 SaveR6
(5072) 2E06  0010111000000110 ( 160)                 LD    R7 SaveR7
(5073) C1C0  1100000111000000 ( 162)                 RET   
(5074) 0000  0000000000000000 ( 165) SaveR0          .FILL x0000
(5075) 0000  0000000000000000 ( 166) SaveR3          .FILL x0000
(5076) 0000  0000000000000000 ( 167) SaveR4          .FILL x0000
(5077) 0000  0000000000000000 ( 168) SaveR5          .FILL x0000
(5078) 0000  0000000000000000 ( 169) SaveR6          .FILL x0000
(5079) 0000  0000000000000000 ( 172) SaveR7          .FILL x0000
(507A) 0030  0000000000110000 ( 172) ZERO            .FILL x0030
(507B) 0031  0000000000110001 ( 173) ONE             .FILL x0031
(507C) 0032  0000000000110010 ( 174) TWO             .FILL x0032
(507D) 0033  0000000000110011 ( 175) THREE           .FILL x0033
(507E) 0034  0000000000110100 ( 176) FOUR            .FILL x0034
(507F) 0035  0000000000110101 ( 177) FIVE            .FILL x0035
(5080) 0036  0000000000110110 ( 178) SIX             .FILL x0036
(5081) 0037  0000000000110111 ( 179) SEVEN           .FILL x0037
(5082) 0038  0000000000111000 ( 180) EIGHT           .FILL x0038
(5083) 0039  0000000000111001 ( 181) NINE            .FILL x0039
(5084) 0041  0000000001000001 ( 184) A               .FILL x0041
(5085) 0042  0000000001000010 ( 185) B               .FILL x0042
(5086) 0043  0000000001000011 ( 186) C               .FILL x0043
(5087) 0044  0000000001000100 ( 187) D               .FILL x0044
(5088) 0045  0000000001000101 ( 188) E               .FILL x0045
(5089) 0046  0000000001000110 ( 189) F               .FILL x0046
(508A) 0078  0000000001111000 ( 191) x               .FILL x0078
(508B) F000  1111000000000000 ( 194) CHANGE          .FILL xF000
