(0000) 3000  0011000000000000 (   5)                 .ORIG x3000
(3000) 5020  0101000000100000 (   7)                 AND   R0 R0 #0
(3001) 0045  0000000001000101 (   9) hello           .FILL x0045
(3002) 006E  0000000001101110 (   9)                 .FILL x006E
(3003) 0074  0000000001110100 (   9)                 .FILL x0074
(3004) 0065  0000000001100101 (   9)                 .FILL x0065
(3005) 0072  0000000001110010 (   9)                 .FILL x0072
(3006) 0020  0000000000100000 (   9)                 .FILL x0020
(3007) 0061  0000000001100001 (   9)                 .FILL x0061
(3008) 0020  0000000000100000 (   9)                 .FILL x0020
(3009) 0073  0000000001110011 (   9)                 .FILL x0073
(300A) 0074  0000000001110100 (   9)                 .FILL x0074
(300B) 0072  0000000001110010 (   9)                 .FILL x0072
(300C) 0069  0000000001101001 (   9)                 .FILL x0069
(300D) 006E  0000000001101110 (   9)                 .FILL x006E
(300E) 0067  0000000001100111 (   9)                 .FILL x0067
(300F) 0020  0000000000100000 (   9)                 .FILL x0020
(3010) 0074  0000000001110100 (   9)                 .FILL x0074
(3011) 006F  0000000001101111 (   9)                 .FILL x006F
(3012) 0020  0000000000100000 (   9)                 .FILL x0020
(3013) 0065  0000000001100101 (   9)                 .FILL x0065
(3014) 0063  0000000001100011 (   9)                 .FILL x0063
(3015) 0068  0000000001101000 (   9)                 .FILL x0068
(3016) 006F  0000000001101111 (   9)                 .FILL x006F
(3017) 003A  0000000000111010 (   9)                 .FILL x003A
(3018) 0000  0000000000000000 (   9)                 .FILL x0000
(3019) E1E7  1110000111100111 (  10)                 LEA   R0 hello
(301A) F022  1111000000100010 (  11)                 TRAP  x22
(301B) 3100  0011000100000000 (  12) DATA            .FILL x3100
(301C) 23FE  0010001111111110 (  13)                 LD    R1 DATA
(301D) F020  1111000000100000 (  15) Loop            TRAP  x20
(301E) F021  1111000000100001 (  16)                 TRAP  x21
(301F) 7040  0111000001000000 (  18)                 STR   R0 R1 #0
(3020) 1261  0001001001100001 (  19)                 ADD   R1 R1 #1
(3021) 000A  0000000000001010 (  20) ENT             .FILL x000A
(3022) 25FE  0010010111111110 (  21)                 LD    R2 ENT
(3023) 94BF  1001010010111111 (  22)                 NOT   R2 R2
(3024) 5480  0101010010000000 (  23)                 AND   R2 R2 R0
(3025) 0BF7  0000101111110111 (  24)                 BRNP  Loop
(3026) 787F  0111100001111111 (  26)                 STR   R4 R1 #-1
(3027) 21F3  0010000111110011 (  27)                 LD    R0 DATA
(3028) F022  1111000000100010 (  28)                 TRAP  x22
(3029) F025  1111000000100101 (  29)                 TRAP  x25
